X-Powered-By: PHP/5.2.17
Content-type: text/html

SELECT DISTINCT company.short_name, company.contact_list_id,
               contact.first_name, contact.last_name, contact.email,
               vw_accountant_manager.email AS email_provider, vw_accountant_manager.accounting_provider_name,
               setting.se_internal_email, se_standard_email_foot, setting.se_accounting_email
	FROM company
	     INNER JOIN line_item ON company.company_id = line_item.company_id
	     INNER JOIN service ON line_item.service_id = service.service_id
	     INNER JOIN user ON company.user_id = user.user_id AND user.status_cd = 'a'
	     INNER JOIN contact ON company.contact_list_id = contact.contact_list_id
	     INNER JOIN setting ON company.billing_entity_id = setting.billing_entity_id
            LEFT JOIN vw_accountant_manager ON company.accounting_provider_id = vw_accountant_manager.accounting_provider_id
	WHERE (line_item.status_cd = 'SV') AND (service.service_type_id = 10) AND
	      ((CURDATE() >= DATE_FORMAT(line_item.service_start_dt ,'%Y-%m-01')) OR
     		 (CURDATE() <= DATE_FORMAT(line_item.service_start_dt ,'%Y-%m-01')) OR
				 (line_item.service_start_dt IS NULL) OR
				 (line_item.service_start_dt = '0000-00-00')) AND
        ((CURDATE() <= LAST_DAY(line_item.service_end_dt)) OR
         (line_item.service_end_dt IS NULL) OR
         (line_item.service_end_dt = '0000-00-00')) AND
	      (length(trim(contact.email)) > 0) AND (contact.reminder_standard_accounting_emails_yn = 1)
	ORDER BY company.short_name

To : 234 items 
Address: iulian.andreica@eliton.ro (Iulian) 
Replay: Belen Caballero (belen@incwell.eu) 
clientarea@incwell.eu
1 Iulian (iulian.andreica@eliton.ro) 
2 Iulian (iulian.andreica@eliton.ro) 
Address: annabrzozowskaa@gmail.com (Anna) 
Replay: Daniel Romo (daniel@incwell.eu) 
clientarea@incwell.eu
3 Anna (annabrzozowskaa@gmail.com) 
4 Anna (annabrzozowskaa@gmail.com) 
Address: muhammad.rizwan@adareinternational.com (Muhammad) 
Replay: Lorenzo Viu (lorenzo@incwell.eu) 
clientarea@incwell.eu
5 Muhammad (muhammad.rizwan@adareinternational.com) 
6 Muhammad (muhammad.rizwan@adareinternational.com) 
Address: amuk_es_fin@admiralmarkets.com (Amuk) 
Replay: Daniel Romo (daniel@incwell.eu) 
clientarea@incwell.eu
7 Amuk (amuk_es_fin@admiralmarkets.com) 
8 Amuk (amuk_es_fin@admiralmarkets.com) 
Address: carolina.caro@admiralmarkets.com (Carolina) 
Replay: Daniel Romo (daniel@incwell.eu) 
clientarea@incwell.eu
9 Carolina (carolina.caro@admiralmarkets.com) 
10 Carolina (carolina.caro@admiralmarkets.com) 
Address: robert@adnitt.com (Robert) 
Replay: Belen Caballero (belen@incwell.eu) 
clientarea@incwell.eu
11 Robert (robert@adnitt.com) 
12 Robert (robert@adnitt.com) 
Address: ignacio.alonso@rba-acustica.es (Ignacio) 
Replay: Belen Caballero (belen@incwell.eu) 
clientarea@incwell.eu
13 Ignacio (ignacio.alonso@rba-acustica.es) 
14 Ignacio (ignacio.alonso@rba-acustica.es) 
Address: juanluis.rioperez@rba-adnitt.com (Juan Luis) 
Replay: Belen Caballero (belen@incwell.eu) 
clientarea@incwell.eu
15 Juan Luis (juanluis.rioperez@rba-adnitt.com) 
16 Juan Luis (juanluis.rioperez@rba-adnitt.com) 
Address: cg@adservice.com (Casper) 
Replay: Belen Caballero (belen@incwell.eu) 
clientarea@incwell.eu
17 Casper (cg@adservice.com) 
18 Casper (cg@adservice.com) 
Address: cl@adservice.com (Charlotte) 
Replay: Belen Caballero (belen@incwell.eu) 
clientarea@incwell.eu
19 Charlotte (cl@adservice.com) 
20 Charlotte (cl@adservice.com) 
Address: jasmin@accountsadmin.com (Jasmin) 
Replay: Daniel Romo (daniel@incwell.eu) 
clientarea@incwell.eu
21 Jasmin (jasmin@accountsadmin.com) 
22 Jasmin (jasmin@accountsadmin.com) 
Address: w.bregulla@aginion.com (Wolfgang) 
Replay: Lorenzo Viu (lorenzo@incwell.eu) 
clientarea@incwell.eu
23 Wolfgang (w.bregulla@aginion.com) 
24 Wolfgang (w.bregulla@aginion.com) 
Address: james.eyton@airsorted.com (James) 
Replay: Lorenzo Viu (lorenzo@incwell.eu) 
clientarea@incwell.eu
25 James (james.eyton@airsorted.com) 
26 James (james.eyton@airsorted.com) 
Address: sharad.singh@amesto.com (Sharad) 
Replay: Daniel Romo (daniel@incwell.eu) 
clientarea@incwell.eu
27 Sharad (sharad.singh@amesto.com) 
28 Sharad (sharad.singh@amesto.com) 
Address: armin.kirchner@amesto.com (Armin) 
Replay: Daniel Romo (daniel@incwell.eu) 
clientarea@incwell.eu
29 Armin (armin.kirchner@amesto.com) 
30 Armin (armin.kirchner@amesto.com) 
Address: oonagh.hayes@amesto.com (Oonagh) 
Replay: Daniel Romo (daniel@incwell.eu) 
clientarea@incwell.eu
31 Oonagh (oonagh.hayes@amesto.com) 
32 Oonagh (oonagh.hayes@amesto.com) 
Address: conor.mcfadden@amesto.com (Conor) 
Replay: Daniel Romo (daniel@incwell.eu) 
clientarea@incwell.eu
33 Conor (conor.mcfadden@amesto.com) 
34 Conor (conor.mcfadden@amesto.com) 
Address: avi@animure.com (Avi) 
Replay: Lorenzo Viu (lorenzo@incwell.eu) 
clientarea@incwell.eu
35 Avi (avi@animure.com) 
36 Avi (avi@animure.com) 
Address: jamiejohnst@gmail.com (James) 
Replay: Fabrizio Andreocci (fabrizio@incwell.eu) 
clientarea@incwell.eu
37 James (jamiejohnst@gmail.com) 
38 James (jamiejohnst@gmail.com) 
Address: cathalijne.romijn@applied-mt.com (Catalijne) 
Replay: Lorenzo Viu (lorenzo@incwell.eu) 
clientarea@incwell.eu
39 Catalijne (cathalijne.romijn@applied-mt.com) 
40 Catalijne (cathalijne.romijn@applied-mt.com) 
Address: eric.janssen@applied-mt.com (Eric) 
Replay: Lorenzo Viu (lorenzo@incwell.eu) 
clientarea@incwell.eu
41 Eric (eric.janssen@applied-mt.com) 
42 Eric (eric.janssen@applied-mt.com) 
Address: morayma.perez@applied-mt.com (Morayma) 
Replay: Lorenzo Viu (lorenzo@incwell.eu) 
clientarea@incwell.eu
43 Morayma (morayma.perez@applied-mt.com) 
44 Morayma (morayma.perez@applied-mt.com) 
Address: srikrishna.venugopal@applied-mt.com (Venugopal ) 
Replay: Lorenzo Viu (lorenzo@incwell.eu) 
clientarea@incwell.eu
45 Venugopal  (srikrishna.venugopal@applied-mt.com) 
46 Venugopal  (srikrishna.venugopal@applied-mt.com) 
Address: sara@sagradabarcelona.com (Sara) 
Replay: Lorenzo Viu (lorenzo@incwell.eu) 
clientarea@incwell.eu
47 Sara (sara@sagradabarcelona.com) 
48 Sara (sara@sagradabarcelona.com) 
Address: burak@ateliermuse.es (Burak) 
Replay: Daniel Romo (daniel@incwell.eu) 
clientarea@incwell.eu
49 Burak (burak@ateliermuse.es) 
50 Burak (burak@ateliermuse.es) 
Address: bobby@avasotech.com (Bobby) 
Replay: Fabrizio Andreocci (fabrizio@incwell.eu) 
clientarea@incwell.eu
51 Bobby (bobby@avasotech.com) 
52 Bobby (bobby@avasotech.com) 
Address: jake.gulick@greyfinch.com (Jake) 
Replay: Daniel Romo (daniel@incwell.eu) 
clientarea@incwell.eu
53 Jake (jake.gulick@greyfinch.com) 
54 Jake (jake.gulick@greyfinch.com) 
Address: rob.callaham@greyfinch.com (Rob) 
Replay: Daniel Romo (daniel@incwell.eu) 
clientarea@incwell.eu
55 Rob (rob.callaham@greyfinch.com) 
56 Rob (rob.callaham@greyfinch.com) 
Address: rperi@balchem.com (Rossana) 
Replay: Daniel Romo (daniel@incwell.eu) 
clientarea@incwell.eu
57 Rossana (rperi@balchem.com) 
58 Rossana (rperi@balchem.com) 
Address: gvanderven@balchem.com (Gerritjan) 
Replay: Daniel Romo (daniel@incwell.eu) 
clientarea@incwell.eu
59 Gerritjan (gvanderven@balchem.com) 
60 Gerritjan (gvanderven@balchem.com) 
Address: gbarosso@balchem.com (Giorgia) 
Replay: Daniel Romo (daniel@incwell.eu) 
clientarea@incwell.eu
61 Giorgia (gbarosso@balchem.com) 
62 Giorgia (gbarosso@balchem.com) 
Address: tsl@bancore.com (Tina) 
Replay: Daniel Romo (daniel@incwell.eu) 
clientarea@incwell.eu
63 Tina (tsl@bancore.com) 
64 Tina (tsl@bancore.com) 
Address: ns@bancore.com (Nayre) 
Replay: Daniel Romo (daniel@incwell.eu) 
clientarea@incwell.eu
65 Nayre (ns@bancore.com) 
66 Nayre (ns@bancore.com) 
Address: cps@bancore.com (Carla) 
Replay: Daniel Romo (daniel@incwell.eu) 
clientarea@incwell.eu
67 Carla (cps@bancore.com) 
68 Carla (cps@bancore.com) 
Address: donna@bearbox.co.uk (Donna) 
Replay: Daniel Romo (daniel@incwell.eu) 
clientarea@incwell.eu
69 Donna (donna@bearbox.co.uk) 
70 Donna (donna@bearbox.co.uk) 
Address: contabilidad@bearbox.eu (Sir/Madam) 
Replay: Daniel Romo (daniel@incwell.eu) 
clientarea@incwell.eu
71 Sir/Madam (contabilidad@bearbox.eu) 
72 Sir/Madam (contabilidad@bearbox.eu) 
Address: sbeaumont965@gmail.com (Stephen) 
Replay: Belen Caballero (belen@incwell.eu) 
clientarea@incwell.eu
73 Stephen (sbeaumont965@gmail.com) 
74 Stephen (sbeaumont965@gmail.com) 
Address: d.bentz@hotmail.com (David) 
Replay: Belen Caballero (belen@incwell.eu) 
clientarea@incwell.eu
75 David (d.bentz@hotmail.com) 
76 David (d.bentz@hotmail.com) 
Address: direction@readytofly.org (Lara) 
Replay: Lorenzo Viu (lorenzo@incwell.eu) 
clientarea@incwell.eu
77 Lara (direction@readytofly.org) 
78 Lara (direction@readytofly.org) 
Address: lara@ideaviaggi.com (Lara ) 
Replay: Lorenzo Viu (lorenzo@incwell.eu) 
clientarea@incwell.eu
79 Lara  (lara@ideaviaggi.com) 
80 Lara  (lara@ideaviaggi.com) 
Address: jackie@thebodycamp.com (Jackie) 
Replay: Belen Caballero (belen@incwell.eu) 
clientarea@incwell.eu
81 Jackie (jackie@thebodycamp.com) 
82 Jackie (jackie@thebodycamp.com) 
Address: marc@lejuezbrothers.nl (Marc) 
Replay: Belen Caballero (belen@incwell.eu) 
clientarea@incwell.eu
83 Marc (marc@lejuezbrothers.nl) 
84 Marc (marc@lejuezbrothers.nl) 
Address: nathan@lejuezbrothers.nl (Nathan) 
Replay: Belen Caballero (belen@incwell.eu) 
clientarea@incwell.eu
85 Nathan (nathan@lejuezbrothers.nl) 
86 Nathan (nathan@lejuezbrothers.nl) 
Address: mark@ehubs.es (Barbara) 
Replay: Belen Caballero (belen@incwell.eu) 
clientarea@incwell.eu
87 Barbara (mark@ehubs.es) 
88 Barbara (mark@ehubs.es) 
Address: davidledger@boxassociates.co.uk (David) 
Replay: Lorenzo Viu (lorenzo@incwell.eu) 
clientarea@incwell.eu
89 David (davidledger@boxassociates.co.uk) 
90 David (davidledger@boxassociates.co.uk) 
Address: klaus.burkart@burkartconsulting.com (Klaus) 
Replay: Lorenzo Viu (lorenzo@incwell.eu) 
clientarea@incwell.eu
91 Klaus (klaus.burkart@burkartconsulting.com) 
92 Klaus (klaus.burkart@burkartconsulting.com) 
Address: caliskysl@gmail.com (Iorgu-Cosmin) 
Replay: Lorenzo Viu (lorenzo@incwell.eu) 
clientarea@incwell.eu
93 Iorgu-Cosmin (caliskysl@gmail.com) 
94 Iorgu-Cosmin (caliskysl@gmail.com) 
Address: jungar@carimedcanada.com (John) 
Replay: Lorenzo Viu (lorenzo@incwell.eu) 
clientarea@incwell.eu
95 John (jungar@carimedcanada.com) 
96 John (jungar@carimedcanada.com) 
Address: mungar@carimedcanada.com (Mark) 
Replay: Lorenzo Viu (lorenzo@incwell.eu) 
clientarea@incwell.eu
97 Mark (mungar@carimedcanada.com) 
98 Mark (mungar@carimedcanada.com) 
Address: carlsantoelectrosea@gmail.com (Ted) 
Replay: Fabrizio Andreocci (fabrizio@incwell.eu) 
clientarea@incwell.eu
99 Ted (carlsantoelectrosea@gmail.com) 
100 Ted (carlsantoelectrosea@gmail.com) 
Address: carlsantoelecttro@gmail.com (Ted) 
Replay: Fabrizio Andreocci (fabrizio@incwell.eu) 
clientarea@incwell.eu
101 Ted (carlsantoelecttro@gmail.com) 
102 Ted (carlsantoelecttro@gmail.com) 
Address: info@cibon.es (Saeed) 
Replay: Daniel Romo (daniel@incwell.eu) 
clientarea@incwell.eu
103 Saeed (info@cibon.es) 
104 Saeed (info@cibon.es) 
Address: thomas.vermandele@jcortes.com (Thomas) 
Replay: Lorenzo Viu (lorenzo@incwell.eu) 
clientarea@incwell.eu
105 Thomas (thomas.vermandele@jcortes.com) 
106 Thomas (thomas.vermandele@jcortes.com) 
Address: francisco.barrio@jcortes.com (Francisco) 
Replay: Lorenzo Viu (lorenzo@incwell.eu) 
clientarea@incwell.eu
107 Francisco (francisco.barrio@jcortes.com) 
108 Francisco (francisco.barrio@jcortes.com) 
Address: francisca.fernandez@jcortes.com (Francisca) 
Replay: Lorenzo Viu (lorenzo@incwell.eu) 
clientarea@incwell.eu
109 Francisca (francisca.fernandez@jcortes.com) 
110 Francisca (francisca.fernandez@jcortes.com) 
Address: sue@i-paye.com (Sue) 
Replay: Daniel Romo (daniel@incwell.eu) 
clientarea@incwell.eu
111 Sue (sue@i-paye.com) 
112 Sue (sue@i-paye.com) 
Address: theresa.shannon@i-paye.com (Theresa) 
Replay: Daniel Romo (daniel@incwell.eu) 
clientarea@incwell.eu
113 Theresa (theresa.shannon@i-paye.com) 
114 Theresa (theresa.shannon@i-paye.com) 
Address: rachel.johnson@i-paye.com (Rachel) 
Replay: Daniel Romo (daniel@incwell.eu) 
clientarea@incwell.eu
115 Rachel (rachel.johnson@i-paye.com) 
116 Rachel (rachel.johnson@i-paye.com) 
Address: finance@azeus.com (Peggy) 
Replay: Belen Caballero (belen@incwell.eu) 
clientarea@incwell.eu
117 Peggy (finance@azeus.com) 
118 Peggy (finance@azeus.com) 
Address: marcio.lourenco@creativechannels.tv (Marcio) 
Replay: Belen Caballero (belen@incwell.eu) 
clientarea@incwell.eu
119 Marcio (marcio.lourenco@creativechannels.tv) 
120 Marcio (marcio.lourenco@creativechannels.tv) 
Address: joao.silva@creativechannels.tv (Joao) 
Replay: Belen Caballero (belen@incwell.eu) 
clientarea@incwell.eu
121 Joao (joao.silva@creativechannels.tv) 
122 Joao (joao.silva@creativechannels.tv) 
Address: eddy@eddydeheij.com (Eddy) 
Replay: Lorenzo Viu (lorenzo@incwell.eu) 
clientarea@incwell.eu
123 Eddy (eddy@eddydeheij.com) 
124 Eddy (eddy@eddydeheij.com) 
Address: contact.salimbouakaz@gmail.com (Salim) 
Replay: Belen Caballero (belen@incwell.eu) 
clientarea@incwell.eu
125 Salim (contact.salimbouakaz@gmail.com) 
126 Salim (contact.salimbouakaz@gmail.com) 
Address: info@deugenemusic.com (Evgeny) 
Replay: Lorenzo Viu (lorenzo@incwell.eu) 
clientarea@incwell.eu
127 Evgeny (info@deugenemusic.com) 
128 Evgeny (info@deugenemusic.com) 
Address: vanessapascoalinho@hotmail.com (Vanessa) 
Replay: Lorenzo Viu (lorenzo@incwell.eu) 
clientarea@incwell.eu
129 Vanessa (vanessapascoalinho@hotmail.com) 
130 Vanessa (vanessapascoalinho@hotmail.com) 
Address: richard.i.wanless@gmail.com (Richard) 
Replay: Daniel Romo (daniel@incwell.eu) 
clientarea@incwell.eu
131 Richard (richard.i.wanless@gmail.com) 
132 Richard (richard.i.wanless@gmail.com) 
Address: accounts@dwcc.biz (Ioanna) 
Replay: Lorenzo Viu (lorenzo@incwell.eu) 
clientarea@incwell.eu
133 Ioanna (accounts@dwcc.biz) 
134 Ioanna (accounts@dwcc.biz) 
Address: kieran.coles@dynavics.co.uk (Kieran) 
Replay: Belen Caballero (belen@incwell.eu) 
clientarea@incwell.eu
135 Kieran (kieran.coles@dynavics.co.uk) 
136 Kieran (kieran.coles@dynavics.co.uk) 
Address: lluis.badenas@dynavics.co.uk (Lluis) 
Replay: Belen Caballero (belen@incwell.eu) 
clientarea@incwell.eu
137 Lluis (lluis.badenas@dynavics.co.uk) 
138 Lluis (lluis.badenas@dynavics.co.uk) 
Address: victoriamedina@egali.com.br (Victoria) 
Replay: Lorenzo Viu (lorenzo@incwell.eu) 
clientarea@incwell.eu
139 Victoria (victoriamedina@egali.com.br) 
140 Victoria (victoriamedina@egali.com.br) 
Address: jorgefariza@egali.com.es (Jorge) 
Replay: Lorenzo Viu (lorenzo@incwell.eu) 
clientarea@incwell.eu
141 Jorge (jorgefariza@egali.com.es) 
142 Jorge (jorgefariza@egali.com.es) 
Address: fmb@eksido.com (Franz) 
Replay: Belen Caballero (belen@incwell.eu) 
clientarea@incwell.eu
143 Franz (fmb@eksido.com) 
144 Franz (fmb@eksido.com) 
Address: dbb@eksido.com (Dennys) 
Replay: Belen Caballero (belen@incwell.eu) 
clientarea@incwell.eu
145 Dennys (dbb@eksido.com) 
146 Dennys (dbb@eksido.com) 
Address: iulian.andreica@eliton.ro (Iulian) 
Replay: Belen Caballero (belen@incwell.eu) 
clientarea@incwell.eu
147 Iulian (iulian.andreica@eliton.ro) 
148 Iulian (iulian.andreica@eliton.ro) 
Address: tba@encode.dk (Thomas) 
Replay: Lorenzo Viu (lorenzo@incwell.eu) 
clientarea@incwell.eu
149 Thomas (tba@encode.dk) 
150 Thomas (tba@encode.dk) 
Address: ras@encode.dk (Rebekka) 
Replay: Lorenzo Viu (lorenzo@incwell.eu) 
clientarea@incwell.eu
151 Rebekka (ras@encode.dk) 
152 Rebekka (ras@encode.dk) 
Address: invoice@encode.dk () 
Replay: Lorenzo Viu (lorenzo@incwell.eu) 
clientarea@incwell.eu
153  (invoice@encode.dk) 
154  (invoice@encode.dk) 
Address: nicolas@mybuyingagent.com (Nicolas) 
Replay: Lorenzo Viu (lorenzo@incwell.eu) 
clientarea@incwell.eu
155 Nicolas (nicolas@mybuyingagent.com) 
156 Nicolas (nicolas@mybuyingagent.com) 
Address: mike.findlay@tbfdataservices.com (Mike) 
Replay: Lorenzo Viu (lorenzo@incwell.eu) 
clientarea@incwell.eu
157 Mike (mike.findlay@tbfdataservices.com) 
158 Mike (mike.findlay@tbfdataservices.com) 
Address: henri.mannerjoki@f-secure.com (Henri) 
Replay: Lorenzo Viu (lorenzo@incwell.eu) 
clientarea@incwell.eu
159 Henri (henri.mannerjoki@f-secure.com) 
160 Henri (henri.mannerjoki@f-secure.com) 
Address: nurizzatty.zanuri@f-secure.com (Nurizzatty) 
Replay: Lorenzo Viu (lorenzo@incwell.eu) 
clientarea@incwell.eu
161 Nurizzatty (nurizzatty.zanuri@f-secure.com) 
162 Nurizzatty (nurizzatty.zanuri@f-secure.com) 
Address: web951@hotmail.com (Asif) 
Replay: Belen Caballero (belen@incwell.eu) 
clientarea@incwell.eu
163 Asif (web951@hotmail.com) 
164 Asif (web951@hotmail.com) 
Address: lookout_marcel@outlook.com (Marcelo) 
Replay: Lorenzo Viu (lorenzo@incwell.eu) 
clientarea@incwell.eu
165 Marcelo (lookout_marcel@outlook.com) 
166 Marcelo (lookout_marcel@outlook.com) 
Address: footdetection75@gmail.com (Bertrand) 
Replay: Lorenzo Viu (lorenzo@incwell.eu) 
clientarea@incwell.eu
167 Bertrand (footdetection75@gmail.com) 
168 Bertrand (footdetection75@gmail.com) 
Address: raavo.leiten@fortumo.com (Raavo) 
Replay: Lorenzo Viu (lorenzo@incwell.eu) 
clientarea@incwell.eu
169 Raavo (raavo.leiten@fortumo.com) 
170 Raavo (raavo.leiten@fortumo.com) 
Address: berit.pooga@fortumo.com (Berit) 
Replay: Lorenzo Viu (lorenzo@incwell.eu) 
clientarea@incwell.eu
171 Berit (berit.pooga@fortumo.com) 
172 Berit (berit.pooga@fortumo.com) 
Address: marianne.martson@fortumo.com (Marianne) 
Replay: Lorenzo Viu (lorenzo@incwell.eu) 
clientarea@incwell.eu
173 Marianne (marianne.martson@fortumo.com) 
174 Marianne (marianne.martson@fortumo.com) 
Address: bennylh@gmail.com (Benny) 
Replay: Daniel Romo (daniel@incwell.eu) 
clientarea@incwell.eu
175 Benny (bennylh@gmail.com) 
176 Benny (bennylh@gmail.com) 
Address: sales@globalbeveragetraders.co (Rahul) 
Replay: Belen Caballero (belen@incwell.eu) 
clientarea@incwell.eu
177 Rahul (sales@globalbeveragetraders.co) 
178 Rahul (sales@globalbeveragetraders.co) 
Address: kontogiannislaw@gmail.com (Kalypso) 
Replay: Daniel Romo (daniel@incwell.eu) 
clientarea@incwell.eu
179 Kalypso (kontogiannislaw@gmail.com) 
180 Kalypso (kontogiannislaw@gmail.com) 
Address: sophiekont@gmail.com (Sofia) 
Replay: Daniel Romo (daniel@incwell.eu) 
clientarea@incwell.eu
181 Sofia (sophiekont@gmail.com) 
182 Sofia (sophiekont@gmail.com) 
Address: kontogiannislaw@gmail.com (Kalypso) 
Replay: Daniel Romo (daniel@incwell.eu) 
clientarea@incwell.eu
183 Kalypso (kontogiannislaw@gmail.com) 
184 Kalypso (kontogiannislaw@gmail.com) 
Address: sophiekont@gmail.com (Sofia) 
Replay: Daniel Romo (daniel@incwell.eu) 
clientarea@incwell.eu
185 Sofia (sophiekont@gmail.com) 
186 Sofia (sophiekont@gmail.com) 
Address: findep@mediaglobal.eu (Irina) 
Replay: Daniel Romo (daniel@incwell.eu) 
clientarea@incwell.eu
187 Irina (findep@mediaglobal.eu) 
188 Irina (findep@mediaglobal.eu) 
Address: savasumut@yahoo.com (Umut) 
Replay: Belen Caballero (belen@incwell.eu) 
clientarea@incwell.eu
189 Umut (savasumut@yahoo.com) 
190 Umut (savasumut@yahoo.com) 
Address: j.smith@catchdigital.com (Jonathan) 
Replay: Lorenzo Viu (lorenzo@incwell.eu) 
clientarea@incwell.eu
191 Jonathan (j.smith@catchdigital.com) 
192 Jonathan (j.smith@catchdigital.com) 
Address: o.mcateer@catchdigital.com (Owen) 
Replay: Lorenzo Viu (lorenzo@incwell.eu) 
clientarea@incwell.eu
193 Owen (o.mcateer@catchdigital.com) 
194 Owen (o.mcateer@catchdigital.com) 
Address: vincent.nicolas@h2oinnovation.com (Vicent) 
Replay: Daniel Romo (daniel@incwell.eu) 
clientarea@incwell.eu
195 Vicent (vincent.nicolas@h2oinnovation.com) 
196 Vicent (vincent.nicolas@h2oinnovation.com) 
Address:  philip.mcvay@clearcaresolutions.co.uk (Philip) 
Replay: Lorenzo Viu (lorenzo@incwell.eu) 
clientarea@incwell.eu
197 Philip ( philip.mcvay@clearcaresolutions.co.uk) 
198 Philip ( philip.mcvay@clearcaresolutions.co.uk) 
Address: kevin.terrell@hcmcollect.com (Kevin) 
Replay: Daniel Romo (daniel@incwell.eu) 
clientarea@incwell.eu
199 Kevin (kevin.terrell@hcmcollect.com) 
200 Kevin (kevin.terrell@hcmcollect.com) 
Address: rodrigo@hcmcollect.com (Rodrigo) 
Replay: Daniel Romo (daniel@incwell.eu) 
clientarea@incwell.eu
201 Rodrigo (rodrigo@hcmcollect.com) 
202 Rodrigo (rodrigo@hcmcollect.com) 
Address: andrew.zappella@gmail.com (Andrew) 
Replay: Belen Caballero (belen@incwell.eu) 
clientarea@incwell.eu
203 Andrew (andrew.zappella@gmail.com) 
204 Andrew (andrew.zappella@gmail.com) 
Address: denis@hilbertlabs.com (Denis) 
Replay: Lorenzo Viu (lorenzo@incwell.eu) 
clientarea@incwell.eu
205 Denis (denis@hilbertlabs.com) 
206 Denis (denis@hilbertlabs.com) 
Address: anzidei.paolo@gmail.com (Paolo) 
Replay: Daniel Romo (daniel@incwell.eu) 
clientarea@incwell.eu
207 Paolo (anzidei.paolo@gmail.com) 
208 Paolo (anzidei.paolo@gmail.com) 
Address: y.gonzalez@beesprint.com (Yoander) 
Replay: Daniel Romo (daniel@incwell.eu) 
clientarea@incwell.eu
209 Yoander (y.gonzalez@beesprint.com) 
210 Yoander (y.gonzalez@beesprint.com) 
Address: t.deluca@beesprint.com (Tony ) 
Replay: Daniel Romo (daniel@incwell.eu) 
clientarea@incwell.eu
211 Tony  (t.deluca@beesprint.com) 
212 Tony  (t.deluca@beesprint.com) 
Address: nicola@ibi-eco.com (Nicola) 
Replay: Belen Caballero (belen@incwell.eu) 
clientarea@incwell.eu
213 Nicola (nicola@ibi-eco.com) 
214 Nicola (nicola@ibi-eco.com) 
Address: hari@infinitystoneseu.com (Hari) 
Replay: Fabrizio Andreocci (fabrizio@incwell.eu) 
clientarea@incwell.eu
215 Hari (hari@infinitystoneseu.com) 
216 Hari (hari@infinitystoneseu.com) 
Address: info@infinitystoneseu.com (Company) 
Replay: Fabrizio Andreocci (fabrizio@incwell.eu) 
clientarea@incwell.eu
217 Company (info@infinitystoneseu.com) 
218 Company (info@infinitystoneseu.com) 
Address: eric@inoltra.co (Eric) 
Replay: Lorenzo Viu (lorenzo@incwell.eu) 
clientarea@incwell.eu
219 Eric (eric@inoltra.co) 
220 Eric (eric@inoltra.co) 
Address: rafaell@invasix.com (Rafael) 
Replay: Lorenzo Viu (lorenzo@incwell.eu) 
clientarea@incwell.eu
221 Rafael (rafaell@invasix.com) 
222 Rafael (rafaell@invasix.com) 
Address: olga.gurwicz@inmodemd.com (Olga) 
Replay: Lorenzo Viu (lorenzo@incwell.eu) 
clientarea@incwell.eu
223 Olga (olga.gurwicz@inmodemd.com) 
224 Olga (olga.gurwicz@inmodemd.com) 
Address: clara.pueyo@inmodemd.com (Clara) 
Replay: Lorenzo Viu (lorenzo@incwell.eu) 
clientarea@incwell.eu
225 Clara (clara.pueyo@inmodemd.com) 
226 Clara (clara.pueyo@inmodemd.com) 
Address: vanessa.pelaez@inmodemd.com (Vanessa) 
Replay: Lorenzo Viu (lorenzo@incwell.eu) 
clientarea@incwell.eu
227 Vanessa (vanessa.pelaez@inmodemd.com) 
228 Vanessa (vanessa.pelaez@inmodemd.com) 
Address: sinder.pal@icloud.com (Sinder) 
Replay: Belen Caballero (belen@incwell.eu) 
clientarea@incwell.eu
229 Sinder (sinder.pal@icloud.com) 
230 Sinder (sinder.pal@icloud.com) 
Address: shamilgusaev@yandex.ru (Shamil) 
Replay: Lorenzo Viu (lorenzo@incwell.eu) 
clientarea@incwell.eu
231 Shamil (shamilgusaev@yandex.ru) 
232 Shamil (shamilgusaev@yandex.ru) 
Address: david.stone@kaleidoscopeconsultants.com (David) 
Replay: Belen Caballero (belen@incwell.eu) 
clientarea@incwell.eu
233 David (david.stone@kaleidoscopeconsultants.com) 
234 David (david.stone@kaleidoscopeconsultants.com) 
Address: tony.lam@kanada-ya.com (Tony) 
Replay: Lorenzo Viu (lorenzo@incwell.eu) 
clientarea@incwell.eu
235 Tony (tony.lam@kanada-ya.com) 
236 Tony (tony.lam@kanada-ya.com) 
Address: fdwatson3@gmail.com (Fletcher) 
Replay: Daniel Romo (daniel@incwell.eu) 
clientarea@incwell.eu
237 Fletcher (fdwatson3@gmail.com) 
238 Fletcher (fdwatson3@gmail.com) 
Address: info@eastcargobookers.com (Henry) 
Replay: Daniel Romo (daniel@incwell.eu) 
clientarea@incwell.eu
239 Henry (info@eastcargobookers.com) 
240 Henry (info@eastcargobookers.com) 
Address: martin@mking.ca (Martin) 
Replay: Daniel Romo (daniel@incwell.eu) 
clientarea@incwell.eu
241 Martin (martin@mking.ca) 
242 Martin (martin@mking.ca) 
Address: herzog@lean-maritime.com (Theo) 
Replay: Belen Caballero (belen@incwell.eu) 
clientarea@incwell.eu
243 Theo (herzog@lean-maritime.com) 
244 Theo (herzog@lean-maritime.com) 
Address: assistant@lean-group.com (Karola) 
Replay: Belen Caballero (belen@incwell.eu) 
clientarea@incwell.eu
245 Karola (assistant@lean-group.com) 
246 Karola (assistant@lean-group.com) 
Address: lironaor04@gmail.com (Liron) 
Replay: Belen Caballero (belen@incwell.eu) 
clientarea@incwell.eu
247 Liron (lironaor04@gmail.com) 
248 Liron (lironaor04@gmail.com) 
Address: soeren@vonvarchmin.de (Soren) 
Replay: Lorenzo Viu (lorenzo@incwell.eu) 
clientarea@incwell.eu
249 Soren (soeren@vonvarchmin.de) 
250 Soren (soeren@vonvarchmin.de) 
Address: erikaaliceweisz@bpeassociati.it (Erika) 
Replay: Lorenzo Viu (lorenzo@incwell.eu) 
clientarea@incwell.eu
251 Erika (erikaaliceweisz@bpeassociati.it) 
252 Erika (erikaaliceweisz@bpeassociati.it) 
Address: accounting@eyepetizer.it (Simona) 
Replay: Lorenzo Viu (lorenzo@incwell.eu) 
clientarea@incwell.eu
253 Simona (accounting@eyepetizer.it) 
254 Simona (accounting@eyepetizer.it) 
Address: info@luniska.com (Sandra) 
Replay: Lorenzo Viu (lorenzo@incwell.eu) 
clientarea@incwell.eu
255 Sandra (info@luniska.com) 
256 Sandra (info@luniska.com) 
Address: asanh@m-naturaleza.es (Asanh) 
Replay: Belen Caballero (belen@incwell.eu) 
clientarea@incwell.eu
257 Asanh (asanh@m-naturaleza.es) 
258 Asanh (asanh@m-naturaleza.es) 
Address: t-van08@hotmail.com (Van Toan) 
Replay: Belen Caballero (belen@incwell.eu) 
clientarea@incwell.eu
259 Van Toan (t-van08@hotmail.com) 
260 Van Toan (t-van08@hotmail.com) 
Address: fadumo@mappmedia.com (Fadumo) 
Replay: Lorenzo Viu (lorenzo@incwell.eu) 
clientarea@incwell.eu
261 Fadumo (fadumo@mappmedia.com) 
262 Fadumo (fadumo@mappmedia.com) 
Address: celine@mappmedia.com (Celine) 
Replay: Lorenzo Viu (lorenzo@incwell.eu) 
clientarea@incwell.eu
263 Celine (celine@mappmedia.com) 
264 Celine (celine@mappmedia.com) 
Address: marineparts31@hotmail.com (Pablo) 
Replay: Lorenzo Viu (lorenzo@incwell.eu) 
clientarea@incwell.eu
265 Pablo (marineparts31@hotmail.com) 
266 Pablo (marineparts31@hotmail.com) 
Address: a.bolanowska@i2development.pl (Aleksandra) 
Replay: Daniel Romo (daniel@incwell.eu) 
clientarea@incwell.eu
267 Aleksandra (a.bolanowska@i2development.pl) 
268 Aleksandra (a.bolanowska@i2development.pl) 
Address: ak@i2development.pl (Andrzej) 
Replay: Daniel Romo (daniel@incwell.eu) 
clientarea@incwell.eu
269 Andrzej (ak@i2development.pl) 
270 Andrzej (ak@i2development.pl) 
Address: j.adamczuk@i2development.pl (Joanna) 
Replay: Daniel Romo (daniel@incwell.eu) 
clientarea@incwell.eu
271 Joanna (j.adamczuk@i2development.pl) 
272 Joanna (j.adamczuk@i2development.pl) 
Address: shafi@rafiandrafi.com (Shafi) 
Replay: Daniel Romo (daniel@incwell.eu) 
clientarea@incwell.eu
273 Shafi (shafi@rafiandrafi.com) 
274 Shafi (shafi@rafiandrafi.com) 
Address: admin@masterp24.com (Shafi) 
Replay: Daniel Romo (daniel@incwell.eu) 
clientarea@incwell.eu
275 Shafi (admin@masterp24.com) 
276 Shafi (admin@masterp24.com) 
Address: monir.gharbi@medistim.com (Monir) 
Replay: Daniel Romo (daniel@incwell.eu) 
clientarea@incwell.eu
277 Monir (monir.gharbi@medistim.com) 
278 Monir (monir.gharbi@medistim.com) 
Address: per.tallaksen@medistim.com (Per) 
Replay: Daniel Romo (daniel@incwell.eu) 
clientarea@incwell.eu
279 Per (per.tallaksen@medistim.com) 
280 Per (per.tallaksen@medistim.com) 
Address: roger.morberg@medistim.com (Roger) 
Replay: Daniel Romo (daniel@incwell.eu) 
clientarea@incwell.eu
281 Roger (roger.morberg@medistim.com) 
282 Roger (roger.morberg@medistim.com) 
Address: boel@deperfectestart.nl (Melvin) 
Replay: Daniel Romo (daniel@incwell.eu) 
clientarea@incwell.eu
283 Melvin (boel@deperfectestart.nl) 
284 Melvin (boel@deperfectestart.nl) 
Address: accounting@mellius.com (Acconting) 
Replay: Daniel Romo (daniel@incwell.eu) 
clientarea@incwell.eu
285 Acconting (accounting@mellius.com) 
286 Acconting (accounting@mellius.com) 
Address: ksh@merajmech.com (Kashif) 
Replay: Daniel Romo (daniel@incwell.eu) 
clientarea@incwell.eu
287 Kashif (ksh@merajmech.com) 
288 Kashif (ksh@merajmech.com) 
Address: accounts@merajmech.com () 
Replay: Daniel Romo (daniel@incwell.eu) 
clientarea@incwell.eu
289  (accounts@merajmech.com) 
290  (accounts@merajmech.com) 
Address: frank.weigelt@mercateo.com (Frank) 
Replay: Lorenzo Viu (lorenzo@incwell.eu) 
clientarea@incwell.eu
291 Frank (frank.weigelt@mercateo.com) 
292 Frank (frank.weigelt@mercateo.com) 
Address: vicent.marques@mercateo.com (Vicent) 
Replay: Lorenzo Viu (lorenzo@incwell.eu) 
clientarea@incwell.eu
293 Vicent (vicent.marques@mercateo.com) 
294 Vicent (vicent.marques@mercateo.com) 
Address: oliver.endert@mercateo.com (Oliver ) 
Replay: Lorenzo Viu (lorenzo@incwell.eu) 
clientarea@incwell.eu
295 Oliver  (oliver.endert@mercateo.com) 
296 Oliver  (oliver.endert@mercateo.com) 
Address: hameed.fatahian@gmail.com (Abdolhamid) 
Replay: Lorenzo Viu (lorenzo@incwell.eu) 
clientarea@incwell.eu
297 Abdolhamid (hameed.fatahian@gmail.com) 
298 Abdolhamid (hameed.fatahian@gmail.com) 
Address: nilesh@intriangle.co.uk (Nilesh) 
Replay: Lorenzo Viu (lorenzo@incwell.eu) 
clientarea@incwell.eu
299 Nilesh (nilesh@intriangle.co.uk) 
300 Nilesh (nilesh@intriangle.co.uk) 
Address: yatin.khullar@intriangle.co.uk (Yatin) 
Replay: Lorenzo Viu (lorenzo@incwell.eu) 
clientarea@incwell.eu
301 Yatin (yatin.khullar@intriangle.co.uk) 
302 Yatin (yatin.khullar@intriangle.co.uk) 
Address: som.dutt@intriangle.co.uk (Som) 
Replay: Lorenzo Viu (lorenzo@incwell.eu) 
clientarea@incwell.eu
303 Som (som.dutt@intriangle.co.uk) 
304 Som (som.dutt@intriangle.co.uk) 
Address: andrewmorrisfr@gmail.com (Andrew) 
Replay: Lorenzo Viu (lorenzo@incwell.eu) 
clientarea@incwell.eu
305 Andrew (andrewmorrisfr@gmail.com) 
306 Andrew (andrewmorrisfr@gmail.com) 
Address: hervecosquer@wanadoo.fr (Herve) 
Replay: Lorenzo Viu (lorenzo@incwell.eu) 
clientarea@incwell.eu
307 Herve (hervecosquer@wanadoo.fr) 
308 Herve (hervecosquer@wanadoo.fr) 
Address: lemotifbarcelona@gmail.com (Stephen) 
Replay: Lorenzo Viu (lorenzo@incwell.eu) 
clientarea@incwell.eu
309 Stephen (lemotifbarcelona@gmail.com) 
310 Stephen (lemotifbarcelona@gmail.com) 
Address: lemotifbarcelona@gmail.com (Mattia) 
Replay: Lorenzo Viu (lorenzo@incwell.eu) 
clientarea@incwell.eu
311 Mattia (lemotifbarcelona@gmail.com) 
312 Mattia (lemotifbarcelona@gmail.com) 
Address: lemotifbarcelona@gmail.com (Lucile) 
Replay: Lorenzo Viu (lorenzo@incwell.eu) 
clientarea@incwell.eu
313 Lucile (lemotifbarcelona@gmail.com) 
314 Lucile (lemotifbarcelona@gmail.com) 
Address: sheetal@yoo.com (Sheetal) 
Replay: Lorenzo Viu (lorenzo@incwell.eu) 
clientarea@incwell.eu
315 Sheetal (sheetal@yoo.com) 
316 Sheetal (sheetal@yoo.com) 
Address: diana@yoo.com (Diana) 
Replay: Lorenzo Viu (lorenzo@incwell.eu) 
clientarea@incwell.eu
317 Diana (diana@yoo.com) 
318 Diana (diana@yoo.com) 
Address: barak8389@gmail.com (Barak) 
Replay: Lorenzo Viu (lorenzo@incwell.eu) 
clientarea@incwell.eu
319 Barak (barak8389@gmail.com) 
320 Barak (barak8389@gmail.com) 
Address: amirbenmo@gmail.com (Amir) 
Replay: Lorenzo Viu (lorenzo@incwell.eu) 
clientarea@incwell.eu
321 Amir (amirbenmo@gmail.com) 
322 Amir (amirbenmo@gmail.com) 
Address: fermioninternational@gmail.com (Josh) 
Replay: Belen Caballero (belen@incwell.eu) 
clientarea@incwell.eu
323 Josh (fermioninternational@gmail.com) 
324 Josh (fermioninternational@gmail.com) 
Address: yacine.bouamrioune@next-link.ch (Yacine) 
Replay: Lorenzo Viu (lorenzo@incwell.eu) 
clientarea@incwell.eu
325 Yacine (yacine.bouamrioune@next-link.ch) 
326 Yacine (yacine.bouamrioune@next-link.ch) 
Address: accounting.payables@next-link.ch (Sir/Madam) 
Replay: Lorenzo Viu (lorenzo@incwell.eu) 
clientarea@incwell.eu
327 Sir/Madam (accounting.payables@next-link.ch) 
328 Sir/Madam (accounting.payables@next-link.ch) 
Address: josecarlos.allua@next-link.ch (Jose Carlos) 
Replay: Lorenzo Viu (lorenzo@incwell.eu) 
clientarea@incwell.eu
329 Jose Carlos (josecarlos.allua@next-link.ch) 
330 Jose Carlos (josecarlos.allua@next-link.ch) 
Address: josecarlos.allue@next-link.ch (Nextstaffing ETT, SLU) 
Replay: Lorenzo Viu (lorenzo@incwell.eu) 
clientarea@incwell.eu
331 Nextstaffing ETT, SLU (josecarlos.allue@next-link.ch) 
332 Nextstaffing ETT, SLU (josecarlos.allue@next-link.ch) 
Address: rickard@nordicjobsworldwide.com (Rickard) 
Replay: Lorenzo Viu (lorenzo@incwell.eu) 
clientarea@incwell.eu
333 Rickard (rickard@nordicjobsworldwide.com) 
334 Rickard (rickard@nordicjobsworldwide.com) 
Address: a.ivanets@olacom.es (Anastasia) 
Replay: Lorenzo Viu (lorenzo@incwell.eu) 
clientarea@incwell.eu
335 Anastasia (a.ivanets@olacom.es) 
336 Anastasia (a.ivanets@olacom.es) 
Address: accounting@olacom.es (Accounting) 
Replay: Lorenzo Viu (lorenzo@incwell.eu) 
clientarea@incwell.eu
337 Accounting (accounting@olacom.es) 
338 Accounting (accounting@olacom.es) 
Address: p.puyenchet@hotmail.com (Patricia ) 
Replay: Lorenzo Viu (lorenzo@incwell.eu) 
clientarea@incwell.eu
339 Patricia  (p.puyenchet@hotmail.com) 
340 Patricia  (p.puyenchet@hotmail.com) 
Address: rschwarz@expedia.com ( Ryan ) 
Replay: Lorenzo Viu (lorenzo@incwell.eu) 
clientarea@incwell.eu
341  Ryan  (rschwarz@expedia.com) 
342  Ryan  (rschwarz@expedia.com) 
Address: dh@xsmoke.com (Dannie) 
Replay: Belen Caballero (belen@incwell.eu) 
clientarea@incwell.eu
343 Dannie (dh@xsmoke.com) 
344 Dannie (dh@xsmoke.com) 
Address: diala-elmasri@hotmail.com (Diala) 
Replay: Belen Caballero (belen@incwell.eu) 
clientarea@incwell.eu
345 Diala (diala-elmasri@hotmail.com) 
346 Diala (diala-elmasri@hotmail.com) 
Address: ceo@ovidel.com (Wissam ) 
Replay: Belen Caballero (belen@incwell.eu) 
clientarea@incwell.eu
347 Wissam  (ceo@ovidel.com) 
348 Wissam  (ceo@ovidel.com) 
Address: edang@mailo.com (François) 
Replay: Belen Caballero (belen@incwell.eu) 
clientarea@incwell.eu
349 François (edang@mailo.com) 
350 François (edang@mailo.com) 
Address: carlosvaz@telfor.pt (Carlos) 
Replay: Daniel Romo (daniel@incwell.eu) 
clientarea@incwell.eu
351 Carlos (carlosvaz@telfor.pt) 
352 Carlos (carlosvaz@telfor.pt) 
Address: roberts@passion-pictures.com (Robert) 
Replay: Daniel Romo (daniel@incwell.eu) 
clientarea@incwell.eu
353 Robert (roberts@passion-pictures.com) 
354 Robert (roberts@passion-pictures.com) 
Address: sdifilippopatagonia@gmail.com (Sergio) 
Replay: Belen Caballero (belen@incwell.eu) 
clientarea@incwell.eu
355 Sergio (sdifilippopatagonia@gmail.com) 
356 Sergio (sdifilippopatagonia@gmail.com) 
Address: zorayr.manukyan@gmail.com (Zorayr) 
Replay: Daniel Romo (daniel@incwell.eu) 
clientarea@incwell.eu
357 Zorayr (zorayr.manukyan@gmail.com) 
358 Zorayr (zorayr.manukyan@gmail.com) 
Address: armensh@protonmail.com (Armen) 
Replay: Daniel Romo (daniel@incwell.eu) 
clientarea@incwell.eu
359 Armen (armensh@protonmail.com) 
360 Armen (armensh@protonmail.com) 
Address: chc@pegasusdivision.com (Constantijn) 
Replay: Daniel Romo (daniel@incwell.eu) 
clientarea@incwell.eu
361 Constantijn (chc@pegasusdivision.com) 
362 Constantijn (chc@pegasusdivision.com) 
Address: cem@pegasusdivision.com (Cristina ) 
Replay: Daniel Romo (daniel@incwell.eu) 
clientarea@incwell.eu
363 Cristina  (cem@pegasusdivision.com) 
364 Cristina  (cem@pegasusdivision.com) 
Address: fortuna.espana@gmail.com (Samuel) 
Replay: Lorenzo Viu (lorenzo@incwell.eu) 
clientarea@incwell.eu
365 Samuel (fortuna.espana@gmail.com) 
366 Samuel (fortuna.espana@gmail.com) 
Address: viorel.tanasescu@perfectcare.ro (Viorel) 
Replay: Belen Caballero (belen@incwell.eu) 
clientarea@incwell.eu
367 Viorel (viorel.tanasescu@perfectcare.ro) 
368 Viorel (viorel.tanasescu@perfectcare.ro) 
Address: info@avp.lt (Arunas) 
Replay: Lorenzo Viu (lorenzo@incwell.eu) 
clientarea@incwell.eu
369 Arunas (info@avp.lt) 
370 Arunas (info@avp.lt) 
Address: vivian.sell@peoplemovingpixels.com (Vivian) 
Replay: Daniel Romo (daniel@incwell.eu) 
clientarea@incwell.eu
371 Vivian (vivian.sell@peoplemovingpixels.com) 
372 Vivian (vivian.sell@peoplemovingpixels.com) 
Address: pmpfinance@peoplemovingpixels.com (Sir/Madam) 
Replay: Daniel Romo (daniel@incwell.eu) 
clientarea@incwell.eu
373 Sir/Madam (pmpfinance@peoplemovingpixels.com) 
374 Sir/Madam (pmpfinance@peoplemovingpixels.com) 
Address: akovtun@predictivesolutions.ru (Anton) 
Replay: Belen Caballero (belen@incwell.eu) 
clientarea@incwell.eu
375 Anton (akovtun@predictivesolutions.ru) 
376 Anton (akovtun@predictivesolutions.ru) 
Address: akovtun@predictive.ru (Anton) 
Replay: Belen Caballero (belen@incwell.eu) 
clientarea@incwell.eu
377 Anton (akovtun@predictive.ru) 
378 Anton (akovtun@predictive.ru) 
Address: tomas@sailstar.se (Tomas) 
Replay: Daniel Romo (daniel@incwell.eu) 
clientarea@incwell.eu
379 Tomas (tomas@sailstar.se) 
380 Tomas (tomas@sailstar.se) 
Address: phil.hockey@gmail.com (Phil) 
Replay: Daniel Romo (daniel@incwell.eu) 
clientarea@incwell.eu
381 Phil (phil.hockey@gmail.com) 
382 Phil (phil.hockey@gmail.com) 
Address: julita.cuquerella@seedlink.health (Julita) 
Replay: Lorenzo Viu (lorenzo@incwell.eu) 
clientarea@incwell.eu
383 Julita (julita.cuquerella@seedlink.health) 
384 Julita (julita.cuquerella@seedlink.health) 
Address: tim.juergens@seedlink.health (Tim) 
Replay: Lorenzo Viu (lorenzo@incwell.eu) 
clientarea@incwell.eu
385 Tim (tim.juergens@seedlink.health) 
386 Tim (tim.juergens@seedlink.health) 
Address: gidi34@gmail.com (Gideon) 
Replay: Daniel Romo (daniel@incwell.eu) 
clientarea@incwell.eu
387 Gideon (gidi34@gmail.com) 
388 Gideon (gidi34@gmail.com) 
Address: michal@sigmalux.sarl (Michal ) 
Replay: Daniel Romo (daniel@incwell.eu) 
clientarea@incwell.eu
389 Michal  (michal@sigmalux.sarl) 
390 Michal  (michal@sigmalux.sarl) 
Address: ahmed@sigmalux.sarl (Ahmed) 
Replay: Daniel Romo (daniel@incwell.eu) 
clientarea@incwell.eu
391 Ahmed (ahmed@sigmalux.sarl) 
392 Ahmed (ahmed@sigmalux.sarl) 
Address: stefan@smashenterprises.com.au (Stefan) 
Replay: Belen Caballero (belen@incwell.eu) 
clientarea@incwell.eu
393 Stefan (stefan@smashenterprises.com.au) 
394 Stefan (stefan@smashenterprises.com.au) 
Address: billy@smashenterprises.com.au (Billy) 
Replay: Belen Caballero (belen@incwell.eu) 
clientarea@incwell.eu
395 Billy (billy@smashenterprises.com.au) 
396 Billy (billy@smashenterprises.com.au) 
Address: ricardo@socksmith.com (Ricardo) 
Replay: Daniel Romo (daniel@incwell.eu) 
clientarea@incwell.eu
397 Ricardo (ricardo@socksmith.com) 
398 Ricardo (ricardo@socksmith.com) 
Address: sheetal@yoo.com (Sheetal) 
Replay: Lorenzo Viu (lorenzo@incwell.eu) 
clientarea@incwell.eu
399 Sheetal (sheetal@yoo.com) 
400 Sheetal (sheetal@yoo.com) 
Address: diana@yoo.com (Diana) 
Replay: Lorenzo Viu (lorenzo@incwell.eu) 
clientarea@incwell.eu
401 Diana (diana@yoo.com) 
402 Diana (diana@yoo.com) 
Address: sheetal@yoo.com (Sheetal) 
Replay: Lorenzo Viu (lorenzo@incwell.eu) 
clientarea@incwell.eu
403 Sheetal (sheetal@yoo.com) 
404 Sheetal (sheetal@yoo.com) 
Address: diana@yoo.com (Diana) 
Replay: Lorenzo Viu (lorenzo@incwell.eu) 
clientarea@incwell.eu
405 Diana (diana@yoo.com) 
406 Diana (diana@yoo.com) 
Address: abraham@tigabytes.com (Abraham) 
Replay: Lorenzo Viu (lorenzo@incwell.eu) 
clientarea@incwell.eu
407 Abraham (abraham@tigabytes.com) 
408 Abraham (abraham@tigabytes.com) 
Address: fernando@tigabytes.com (Fernando) 
Replay: Lorenzo Viu (lorenzo@incwell.eu) 
clientarea@incwell.eu
409 Fernando (fernando@tigabytes.com) 
410 Fernando (fernando@tigabytes.com) 
Address: mark@ehubs.es (Mark) 
Replay: Belen Caballero (belen@incwell.eu) 
clientarea@incwell.eu
411 Mark (mark@ehubs.es) 
412 Mark (mark@ehubs.es) 
Address: henri.sadoul@dbmail.com (Emmanuel) 
Replay: Daniel Romo (daniel@incwell.eu) 
clientarea@incwell.eu
413 Emmanuel (henri.sadoul@dbmail.com) 
414 Emmanuel (henri.sadoul@dbmail.com) 
Address: billhuisman@hotmail.com (Guillermo ) 
Replay: Lorenzo Viu (lorenzo@incwell.eu) 
clientarea@incwell.eu
415 Guillermo  (billhuisman@hotmail.com) 
416 Guillermo  (billhuisman@hotmail.com) 
Address: crishuisman@hotmail.com (Cristina) 
Replay: Lorenzo Viu (lorenzo@incwell.eu) 
clientarea@incwell.eu
417 Cristina (crishuisman@hotmail.com) 
418 Cristina (crishuisman@hotmail.com) 
Address: admsunshinecowhides@outlook.es (HR) 
Replay: Lorenzo Viu (lorenzo@incwell.eu) 
clientarea@incwell.eu
419 HR (admsunshinecowhides@outlook.es) 
420 HR (admsunshinecowhides@outlook.es) 
Address: tikhon.oleinikov@gmail.com (Tikhon) 
Replay: Lorenzo Viu (lorenzo@incwell.eu) 
clientarea@incwell.eu
421 Tikhon (tikhon.oleinikov@gmail.com) 
422 Tikhon (tikhon.oleinikov@gmail.com) 
Address: greenrfieldz@gmail.com (Zachary) 
Replay: Lorenzo Viu (lorenzo@incwell.eu) 
clientarea@incwell.eu
423 Zachary (greenrfieldz@gmail.com) 
424 Zachary (greenrfieldz@gmail.com) 
Address: southernmendocino@gmail.com (Jon) 
Replay: Lorenzo Viu (lorenzo@incwell.eu) 
clientarea@incwell.eu
425 Jon (southernmendocino@gmail.com) 
426 Jon (southernmendocino@gmail.com) 
Address: contact@tezzhull.com (Erfan) 
Replay: Lorenzo Viu (lorenzo@incwell.eu) 
clientarea@incwell.eu
427 Erfan (contact@tezzhull.com) 
428 Erfan (contact@tezzhull.com) 
Address: nagsampaio@gmail.com (Nuno) 
Replay: Lorenzo Viu (lorenzo@incwell.eu) 
clientarea@incwell.eu
429 Nuno (nagsampaio@gmail.com) 
430 Nuno (nagsampaio@gmail.com) 
Address: mail@niels.cx (Niels) 
Replay: Belen Caballero (belen@incwell.eu) 
clientarea@incwell.eu
431 Niels (mail@niels.cx) 
432 Niels (mail@niels.cx) 
Address: dragos.andrei@transiris.com (Dragos) 
Replay: Lorenzo Viu (lorenzo@incwell.eu) 
clientarea@incwell.eu
433 Dragos (dragos.andrei@transiris.com) 
434 Dragos (dragos.andrei@transiris.com) 
Address: simona@transiris.com (Simona) 
Replay: Lorenzo Viu (lorenzo@incwell.eu) 
clientarea@incwell.eu
435 Simona (simona@transiris.com) 
436 Simona (simona@transiris.com) 
Address: iunona.bastea@transiris.com (Iunona) 
Replay: Lorenzo Viu (lorenzo@incwell.eu) 
clientarea@incwell.eu
437 Iunona (iunona.bastea@transiris.com) 
438 Iunona (iunona.bastea@transiris.com) 
Address: martin.thinius@tri-spc.com (Martin) 
Replay: Belen Caballero (belen@incwell.eu) 
clientarea@incwell.eu
439 Martin (martin.thinius@tri-spc.com) 
440 Martin (martin.thinius@tri-spc.com) 
Address: bcano@bclegal.es (Blanca) 
Replay: Lorenzo Viu (lorenzo@incwell.eu) 
clientarea@incwell.eu
441 Blanca (bcano@bclegal.es) 
442 Blanca (bcano@bclegal.es) 
Address: danielvrg@icloud.com (Daniel) 
Replay: Belen Caballero (belen@incwell.eu) 
clientarea@incwell.eu
443 Daniel (danielvrg@icloud.com) 
444 Daniel (danielvrg@icloud.com) 
Address: a.barquero@prime-telecom.ch (Allan Johnny) 
Replay: Belen Caballero (belen@incwell.eu) 
clientarea@incwell.eu
445 Allan Johnny (a.barquero@prime-telecom.ch) 
446 Allan Johnny (a.barquero@prime-telecom.ch) 
Address: hans@mahrenholtz.com (Hans) 
Replay: Lorenzo Viu (lorenzo@incwell.eu) 
clientarea@incwell.eu
447 Hans (hans@mahrenholtz.com) 
448 Hans (hans@mahrenholtz.com) 
Address: nikolas@vinamaria.es (Nikolas) 
Replay: Daniel Romo (daniel@incwell.eu) 
clientarea@incwell.eu
449 Nikolas (nikolas@vinamaria.es) 
450 Nikolas (nikolas@vinamaria.es) 
Address: office@vinalonline.com (Sam) 
Replay: Daniel Romo (daniel@incwell.eu) 
clientarea@incwell.eu
451 Sam (office@vinalonline.com) 
452 Sam (office@vinalonline.com) 
Address: alice.fmd@hotmail.com (Alice) 
Replay: Belen Caballero (belen@incwell.eu) 
clientarea@incwell.eu
453 Alice (alice.fmd@hotmail.com) 
454 Alice (alice.fmd@hotmail.com) 
Address: info@eastcargobookers.com (Henry) 
Replay: Belen Caballero (belen@incwell.eu) 
clientarea@incwell.eu
455 Henry (info@eastcargobookers.com) 
456 Henry (info@eastcargobookers.com) 
Address: hd@wissler-spain.com (Henrik) 
Replay: Belen Caballero (belen@incwell.eu) 
clientarea@incwell.eu
457 Henrik (hd@wissler-spain.com) 
458 Henrik (hd@wissler-spain.com) 
Address: lv@wissler-spain.com (Line) 
Replay: Belen Caballero (belen@incwell.eu) 
clientarea@incwell.eu
459 Line (lv@wissler-spain.com) 
460 Line (lv@wissler-spain.com) 
Address: sheetal@yoo.com (Sheetal) 
Replay: Lorenzo Viu (lorenzo@incwell.eu) 
clientarea@incwell.eu
461 Sheetal (sheetal@yoo.com) 
462 Sheetal (sheetal@yoo.com) 
Address: diana@yoo.com (Diana) 
Replay: Lorenzo Viu (lorenzo@incwell.eu) 
clientarea@incwell.eu
463 Diana (diana@yoo.com) 
464 Diana (diana@yoo.com) 
Address: sheetal@yoo.com (Sheetal) 
Replay: Lorenzo Viu (belen@incwell.eu) 
clientarea@incwell.eu
465 Sheetal (sheetal@yoo.com) 
466 Sheetal (sheetal@yoo.com) 
Address: diana@yoo.com (Diana) 
Replay: Belen Caballero (belen@incwell.eu) 
clientarea@incwell.eu
467 Diana (diana@yoo.com) 
468 Diana (diana@yoo.com) 
