X-Powered-By: PHP/5.2.17
Content-type: text/html

lorenzo@incwell.eu
Lorenzo Viu
Array

SELECT DISTINCT company.short_name, company.contact_list_id,
        contact.first_name, contact.last_name, contact.email,
				vw_accountant_manager.email AS email_provider, vw_accountant_manager.accounting_provider_name
	FROM company
	     INNER JOIN line_item ON company.company_id = line_item.company_id
	     INNER JOIN service ON line_item.service_id = service.service_id
	     INNER JOIN user ON company.user_id = user.user_id AND user.status_cd = 'a'
	     INNER JOIN contact ON company.contact_list_id = contact.contact_list_id
		 LEFT JOIN vw_accountant_manager ON company.accounting_provider_id = vw_accountant_manager.accounting_provider_id
	WHERE (line_item.status_cd = 'SV') AND (service.service_type_id = 10) AND
	      ((CURDATE() >= DATE_FORMAT(line_item.service_start_dt ,'%Y-%m-01')) OR
     		 (CURDATE() <= DATE_FORMAT(line_item.service_start_dt ,'%Y-%m-01')) OR
				 (line_item.service_start_dt IS NULL) OR
				 (line_item.service_start_dt = '0000-00-00')) AND
        ((CURDATE() <= LAST_DAY(line_item.service_end_dt)) OR
         (line_item.service_end_dt IS NULL) OR
         (line_item.service_end_dt = '0000-00-00')) AND
	      (length(trim(contact.email)) > 0) AND (contact.reminder_standard_accounting_emails_yn = 1)
	ORDER BY company.short_name

To : 228 items 
From: Daniel Romo (daniel@incwell.eu) 
1 Joanna (j.adamczuk@i2development.pl) 
From: Daniel Romo (daniel@incwell.eu) 
2 Andrzej (ak@i2development.pl) 
From: Daniel Romo (daniel@incwell.eu) 
3 Aleksandra (a.bolanowska@i2development.pl) 
From: Beatriz Diaz (beatriz@incwell.eu) 
4 Anna (annabrzozowskaa@gmail.com) 
From: Lorenzo Viu (lorenzo@incwell.eu) 
5 Bella (bella.bassey@adareinternational.com) 
From: Lorenzo Viu (lorenzo@incwell.eu) 
6 Grace (grace.waldron@adareinternational.com) 
From: Lorenzo Viu (lorenzo@incwell.eu) 
7 Sally (sally.evans@adareinternational.com) 
From: Daniel Romo (daniel@incwell.eu) 
8 Aleksandra (finance@admiralmarkets.com) 
From: Daniel Romo (daniel@incwell.eu) 
9 Darja (darja.antropova@admiralmarkets.com) 
From: Beatriz Diaz (beatriz@incwell.eu) 
10 Robert (robert@adnitt.com) 
From: Beatriz Diaz (beatriz@incwell.eu) 
11 Sebastian (seb_obrien@hotmail.com) 
From: Beatriz Diaz (beatriz@incwell.eu) 
12 Juan Ramón (juan.medina@agema.es) 
From: Lorenzo Viu (lorenzo@incwell.eu) 
13 Wolfgang (w.bregulla@aginion.com) 
From: Beatriz Diaz (beatriz@incwell.eu) 
14 James (james.eyton@airsorted.com) 
From: Lorenzo Viu (lorenzo@incwell.eu) 
15 Tamer (tamer.assale@ak.com.sa) 
From: Lorenzo Viu (lorenzo@incwell.eu) 
16 Carina (carina.hossack@ak.com.sa) 
From: Lorenzo Viu (lorenzo@incwell.eu) 
17 Walid (walid.medawar@ak.com.sa) 
From: Lorenzo Viu (lorenzo@incwell.eu) 
18 Sandra (sandra.casas@ak.com.sa) 
From: Beatriz Diaz (beatriz@incwell.eu) 
19 Irina (irina.s@almendra.com) 
From: Beatriz Diaz (beatriz@incwell.eu) 
20 Aslan (a@almendra.com.sg) 
From: Beatriz Diaz (beatriz@incwell.eu) 
21 Chaiwat (chaiwat.s@almendra.com) 
From: Beatriz Diaz (beatriz@incwell.eu) 
22 Pnita (pc@almendra.com.sg) 
From: Beatriz Diaz (beatriz@incwell.eu) 
23 Inder (i@almendra.com.sg) 
From: Daniel Romo (daniel@incwell.eu) 
24 Khalid (k.tikrity@hibodrink.com) 
From: Daniel Romo (daniel@incwell.eu) 
25 Grant (grant.leyland@amesto.com) 
From: Daniel Romo (daniel@incwell.eu) 
26 Sharad (sharad.singh@amesto.com) 
From: Daniel Romo (daniel@incwell.eu) 
27 Rashmi (rashmi.pandya@amesto.com) 
From: Daniel Romo (daniel@incwell.eu) 
28 Louis (louis.gray@amesto.com) 
From: Lorenzo Viu (lorenzo@incwell.eu) 
29 Avi (avi@animure.com) 
From: Lorenzo Viu (lorenzo@incwell.eu) 
30 Catalijne (cathalijne.romijn@applied-mt.com) 
From: Lorenzo Viu (lorenzo@incwell.eu) 
31 Rebekah (rebekah.martin@applied-mt.com) 
From: Lorenzo Viu (lorenzo@incwell.eu) 
32 Barbara (barbara.pestinger@applied-mt.com) 
From: Lorenzo Viu (lorenzo@incwell.eu) 
33 Eric (eric.janssen@applied-mt.com) 
From: Lorenzo Viu (lorenzo@incwell.eu) 
34 Morayma (morayma.perez@applied-mt.com) 
From: Beatriz Diaz (beatriz@incwell.eu) 
35 Burak (burak@silkline-int.com) 
From: Beatriz Diaz (beatriz@incwell.eu) 
36 Frank  (frankjrodgers@gmail.com) 
From: Daniel Romo (daniel@incwell.eu) 
37 Jake (jake.gulick@axpm.com) 
From: Daniel Romo (daniel@incwell.eu) 
38 Rossana (rperi@balchem.com) 
From: Daniel Romo (daniel@incwell.eu) 
39 Alessio (alega@balchem.com) 
From: Daniel Romo (daniel@incwell.eu) 
40 Gerritjan (gvanderven@balchem.com) 
From: Lorenzo Viu (lorenzo@incwell.eu) 
41 Atilla (atilla.yardimci@gmail.com) 
From: Beatriz Diaz (beatriz@incwell.eu) 
42 David (d.bentz@hotmail.com) 
From: Beatriz Diaz (beatriz@incwell.eu) 
43 Natalia (natalia.m@binfinity.io) 
From: Beatriz Diaz (beatriz@incwell.eu) 
44 robert (robert.corrigan@fusionsystems.co.jp) 
From: Fabrizio Andreocci (fabrizio@incwell.eu) 
45 Paola (buscone@biomedix.co.uk) 
From: Fabrizio Andreocci (fabrizio@incwell.eu) 
46 Chiara (casazza@biomedix.co.uk) 
From: Lorenzo Viu (lorenzo@incwell.eu) 
47 Lara  (lara@ideaviaggi.com) 
From: Lorenzo Viu (lorenzo@incwell.eu) 
48 Lara (direction@readytofly.org) 
From: Beatriz Diaz (beatriz@incwell.eu) 
49 David (davidledger@boxassociates.co.uk) 
From: Fabrizio Andreocci (fabrizio@incwell.eu) 
50 Rabih (rabih@broadnetme.com) 
From: Fabrizio Andreocci (fabrizio@incwell.eu) 
51 Hassan (hassanzubaidi@hotmail.com) 
From: Lorenzo Viu (lorenzo@incwell.eu) 
52 Gabriel (gabriel@brodiseno.com) 
From: Beatriz Diaz (beatriz@incwell.eu) 
53 Sacha (sacha.sellem.bidji@gmail.com) 
From: Lorenzo Viu (lorenzo@incwell.eu) 
54 Klaus (klaus.burkart@burkartconsulting.com) 
From: Beatriz Diaz (beatriz@incwell.eu) 
55 Pavel (pavel_vikulaev@mail.ru) 
From: Daniel Romo (daniel@incwell.eu) 
56 Mateja (msto.media@gmail.com) 
From: Beatriz Diaz (beatriz@incwell.eu) 
57 Sergio (snunes@candor.pt) 
From: Lorenzo Viu (lorenzo@incwell.eu) 
58 John (jungar@carimedcanada.com) 
From: Lorenzo Viu (lorenzo@incwell.eu) 
59 Mark (mungar@carimedcanada.com) 
From: Beatriz Diaz (beatriz@incwell.eu) 
60 Jesus (jfarias_mangevil33@hotmail.com) 
From: Beatriz Diaz (beatriz@incwell.eu) 
61 Eric (eriknosmas@gmail.com) 
From: Daniel Romo (daniel@incwell.eu) 
62 Dejana (dejana73@gmail.com) 
From: Daniel Romo (daniel@incwell.eu) 
63 Saeed (info@cibon.es) 
From: Beatriz Diaz (beatriz@incwell.eu) 
64 Nuno (nuno@circuluscapital.com) 
From: Beatriz Diaz (beatriz@incwell.eu) 
65 David (david@circuluscapital.com) 
From: Lorenzo Viu (lorenzo@incwell.eu) 
66 Tom (tom@cloudline-solutions.com) 
From: Lorenzo Viu (lorenzo@incwell.eu) 
67 Donnie (donnie@cloudline-solutions.com) 
From: Daniel Romo (daniel@incwell.eu) 
68 Angel (angel@rkiemseeds.com) 
From: Daniel Romo (daniel@incwell.eu) 
69 Oriol  (uri@rkiemseeds.com) 
From: Daniel Romo (daniel@incwell.eu) 
70 Theresa (theresa.shannon@i-paye.com) 
From: Daniel Romo (daniel@incwell.eu) 
71 Sue (sue@i-paye.com) 
From: Daniel Romo (daniel@incwell.eu) 
72 Vitaliy (vitaliy@levit.me) 
From: Lorenzo Viu (lorenzo@incwell.eu) 
73 Ralph (office@curbside.eu) 
From: Lorenzo Viu (lorenzo@incwell.eu) 
74 Dieter (dieter.trissler@valentinos.ch) 
From: Daniel Romo (daniel@incwell.eu) 
75 Adi (adi@addaps.com) 
From: Daniel Romo (daniel@incwell.eu) 
76 Daria (apartments.yachts@gmail.com) 
From: Daniel Romo (daniel@incwell.eu) 
77 Aleksandra (a.bolanowska@i2development.pl) 
From: Daniel Romo (daniel@incwell.eu) 
78 Andrzej (ak@i2development.pl) 
From: Beatriz Diaz (beatriz@incwell.eu) 
79 Jason (jasonholck@hotmail.com) 
From: Lorenzo Viu (lorenzo@incwell.eu) 
80 Michael (fleet@devaservices.com) 
From: Beatriz Diaz (beatriz@incwell.eu) 
81 Manuel (contact@globlmobile.co) 
From: Daniel Romo (daniel@incwell.eu) 
82 Richard (richard.i.wanless@gmail.com) 
From: Daniel Romo (daniel@incwell.eu) 
83 Lukas (stl@ihm.ch) 
From: Lorenzo Viu (lorenzo@incwell.eu) 
84 Inge (inge@kakigoriuniverse.com) 
From: Lorenzo Viu (lorenzo@incwell.eu) 
85 Eddy (eddy@eddydeheij.com) 
From: Lorenzo Viu (lorenzo@incwell.eu) 
86 Carolina (cesalazaru@gmail.com) 
From: Beatriz Diaz (beatriz@incwell.eu) 
87 Mariana (marianaaccurso@egali.com.br) 
From: Beatriz Diaz (beatriz@incwell.eu) 
88 Marcelo (marcelohenriques@egali.com) 
From: Beatriz Diaz (beatriz@incwell.eu) 
89 Stavros (skouras.stavros@gmail.com) 
From: Lorenzo Viu (lorenzo@incwell.eu) 
90 Thor (tlkbergsson@gmail.com) 
From: Lorenzo Viu (lorenzo@incwell.eu) 
91 Nicolas (nicolas@mybuyingagent.com) 
From: Lorenzo Viu (lorenzo@incwell.eu) 
92 Mike (mike.findlay@tbfdataservices.com) 
From: Beatriz Diaz (beatriz@incwell.eu) 
93 Roberto  (sales@easternpacific.eu) 
From: Beatriz Diaz (beatriz@incwell.eu) 
94 Angel (angel.butt@ewlabels.com) 
From: Lorenzo Viu (lorenzo@incwell.eu) 
95 Henri (henri.mannerjoki@f-secure.com) 
From: Lorenzo Viu (lorenzo@incwell.eu) 
96 Bertrand (footdetection75@gmail.com) 
From: Beatriz Diaz (beatriz@incwell.eu) 
97 Karin (karin.eelma@fortumo.com) 
From: Lorenzo Viu (lorenzo@incwell.eu) 
98 Maria Esther (esther@esfortuna.es) 
From: Lorenzo Viu (lorenzo@incwell.eu) 
99 Samuel (samuel@esfortuna.es) 
From: Lorenzo Viu (lorenzo@incwell.eu) 
100 Niels (niels@ulhp.eu) 
From: Daniel Romo (daniel@incwell.eu) 
101 Benny (bennylh@gmail.com) 
From: Daniel Romo (daniel@incwell.eu) 
102 Detlef (eschenauer@tthv.de) 
From: Beatriz Diaz (beatriz@incwell.eu) 
103 Rahul (sales@globalbeveragetraders.co) 
From: Daniel Romo (daniel@incwell.eu) 
104 Kalypso (kontogiannislaw@gmail.com) 
From: Lorenzo Viu (lorenzo@incwell.eu) 
105 Barry (barry@wxmin.com) 
From: Lorenzo Viu (lorenzo@incwell.eu) 
106  Ryan  (rschwarz@expedia.com) 
From: Lorenzo Viu (lorenzo@incwell.eu) 
107 Owen (o.mcateer@catchdigital.com) 
From: Lorenzo Viu (lorenzo@incwell.eu) 
108 Jonathan (j.smith@catchdigital.com) 
From: Beatriz Diaz (beatriz@incwell.eu) 
109 Manuel (carservicesimport@gmail.com) 
From: Lorenzo Viu (lorenzo@incwell.eu) 
110 Philip ( philip.mcvay@clearcaresolutions.co.uk) 
From: Lorenzo Viu (lorenzo@incwell.eu) 
111 Denis (denis@hilbertlabs.com) 
From: Daniel Romo (daniel@incwell.eu) 
112 Paolo (anzidei.paolo@gmail.com) 
From: Lorenzo Viu (lorenzo@incwell.eu) 
113 Jari Juhani (jari@n1ce.com) 
From: Beatriz Diaz (beatriz@incwell.eu) 
114 James (james@iconopharma.com) 
From: Beatriz Diaz (beatriz@incwell.eu) 
115 Arthur (kadland@kadlandcapital.com) 
From: Daniel Romo (daniel@incwell.eu) 
116 Sir/Madam (k2ne-finance@k2.com) 
From: Daniel Romo (daniel@incwell.eu) 
117 Micha (michal@k2.com) 
From: Lorenzo Viu (lorenzo@incwell.eu) 
118 Lohann (lohann@infinite-agency.com) 
From: Lorenzo Viu (lorenzo@incwell.eu) 
119 Pierina  (pcaballero@bitinka.com) 
From: Lorenzo Viu (lorenzo@incwell.eu) 
120 Roger  (rbenites@bitinka.com) 
From: Lorenzo Viu (lorenzo@incwell.eu) 
121 Roger (rbenites@bq-trading.com) 
From: Fabrizio Andreocci (fabrizio@incwell.eu) 
122 Roger (rbenites@bq-trading.com) 
From: Fabrizio Andreocci (fabrizio@incwell.eu) 
123 Pierina  (pcaballero@bitinka.com) 
From: Fabrizio Andreocci (fabrizio@incwell.eu) 
124 Roger  (rbenites@bitinka.com) 
From: Daniel Romo (daniel@incwell.eu) 
125 Elias (espana@elinstitutoamericano.com) 
From: Lorenzo Viu (lorenzo@incwell.eu) 
126 Rafael (rafaell@invasix.com) 
From: Daniel Romo (daniel@incwell.eu) 
127 Maria Stella (carlomary@hotmail.com) 
From: Daniel Romo (daniel@incwell.eu) 
128 Ervin (expo.ervin@abv.bg) 
From: Daniel Romo (daniel@incwell.eu) 
129 Watson (fdwatson3@gmail.com) 
From: Daniel Romo (daniel@incwell.eu) 
130 Henry (info@eastcargobookers.com) 
From: Lorenzo Viu (lorenzo@incwell.eu) 
131 Soren (soeren@vonvarchmin.de) 
From: Lorenzo Viu (lorenzo@incwell.eu) 
132 Sandra (info@luniska.com) 
From: Lorenzo Viu (lorenzo@incwell.eu) 
133 Noel (noelfairbrother1@hotmail.com) 
From: Lorenzo Viu (lorenzo@incwell.eu) 
134 Gabriel (gabriel.maestrohostelero@gmail.com) 
From: Lorenzo Viu (lorenzo@incwell.eu) 
135 Alan  (fairbro7@gmail.com) 
From: Beatriz Diaz (beatriz@incwell.eu) 
136 Marc (mamcorscia@gmail.com) 
From: Beatriz Diaz (beatriz@incwell.eu) 
137 Fadumo (fadumo@mappmedia.com) 
From: Beatriz Diaz (beatriz@incwell.eu) 
138 Gaynor (gaynor@mappmedia.com) 
From: Beatriz Diaz (beatriz@incwell.eu) 
139 Pablo  (marineparts31@hotmail.com) 
From: Daniel Romo (daniel@incwell.eu) 
140 Shafi (shafi@rafiandrafi.com) 
From: Daniel Romo (daniel@incwell.eu) 
141 Per (per.tallaksen@medistim.com) 
From: Daniel Romo (daniel@incwell.eu) 
142 Monir (monir.gharbi@medistim.com) 
From: Beatriz Diaz (beatriz@incwell.eu) 
143 Carolina  (cesalazaru@gmail.com) 
From: Beatriz Diaz (beatriz@incwell.eu) 
144 Melvin (boel@deperfectestart.nl) 
From: Beatriz Diaz (beatriz@incwell.eu) 
145 Acconting (accounting@mellius.com) 
From: Daniel Romo (daniel@incwell.eu) 
146  (accounts@merjmech.com) 
From: Daniel Romo (daniel@incwell.eu) 
147 Kashif (accounts@merajmech.com) 
From: Lorenzo Viu (lorenzo@incwell.eu) 
148 Frank (frank.weigelt@mercateo.com) 
From: Lorenzo Viu (lorenzo@incwell.eu) 
149 Oliver  (oliver.endert@mercateo.com) 
From: Lorenzo Viu (lorenzo@incwell.eu) 
150 Vicent  (vicent.marques@mercateo.com) 
From: Fabrizio Andreocci (fabrizio@incwell.eu) 
151 Edyta (edyta.garbala@wp.pl) 
From: Fabrizio Andreocci (fabrizio@incwell.eu) 
152 Dominik (dominik@swift.com.pl) 
From: Beatriz Diaz (beatriz@incwell.eu) 
153 Abdolhamid (hameed.fatahian@gmail.com) 
From: Lorenzo Viu (lorenzo@incwell.eu) 
154 Som (som.dutt@intriangle.co.uk) 
From: Lorenzo Viu (lorenzo@incwell.eu) 
155 Yatin (yatin.khullar@intriangle.co.uk) 
From: Lorenzo Viu (lorenzo@incwell.eu) 
156 Nilesh (nilesh@intriangle.co.uk) 
From: Lorenzo Viu (lorenzo@incwell.eu) 
157 Andrew (contact@andrewmorris.fr) 
From: Daniel Romo (daniel@incwell.eu) 
158 Ricardo Manuel (rmedina@motivate.nl) 
From: Daniel Romo (daniel@incwell.eu) 
159 Younesse (sousbuilding@gmail.com) 
From: Daniel Romo (daniel@incwell.eu) 
160 Agne (sousbuilding.agne@gmail.com) 
From: Beatriz Diaz (beatriz@incwell.eu) 
161 Barak (barak8389@gmail.com) 
From: Daniel Romo (daniel@incwell.eu) 
162 Nadja Katarina (nadjakatarinaramm@icloud.com) 
From: Beatriz Diaz (beatriz@incwell.eu) 
163 Josh (fermioninternational@gmail.com) 
From: Beatriz Diaz (beatriz@incwell.eu) 
164 Kambiz (kambizgbi@yahoo.com) 
From: Lorenzo Viu (lorenzo@incwell.eu) 
165 Sir/Madam (accounting.payables@next-link.ch) 
From: Lorenzo Viu (lorenzo@incwell.eu) 
166 Paulo (paulo.mendes@next-link.ch) 
From: Lorenzo Viu (lorenzo@incwell.eu) 
167 Yacine (yacine.bouamrioune@next-link.ch) 
From: Lorenzo Viu (lorenzo@incwell.eu) 
168 Jose Carlos (josecarlos.allua@next-link.ch) 
From: Lorenzo Viu (lorenzo@incwell.eu) 
169 Marc (marc.monteys@next-link.ch) 
From: Daniel Romo (daniel@incwell.eu) 
170 Rico (gkerico@gmail.com) 
From: Beatriz Diaz (beatriz@incwell.eu) 
171 Rickard (rickard@nordicjobsworldwide.com) 
From: Beatriz Diaz (beatriz@incwell.eu) 
172 Anastasia (a.ivanets@olacom.es) 
From: Beatriz Diaz (beatriz@incwell.eu) 
173 Accounting (accounting@olacom.es) 
From: Beatriz Diaz (beatriz@incwell.eu) 
174 Patricia  (p.puyenchet@hotmail.com) 
From: Lorenzo Viu (lorenzo@incwell.eu) 
175 xiaoli (xiaoli.kuijpers@opple.com) 
From: Daniel Romo (daniel@incwell.eu) 
176 Narcis (narcis_dardac@hotmail.com) 
From: Beatriz Diaz (beatriz@incwell.eu) 
177 Dannie (dh@xsmoke.com) 
From: Beatriz Diaz (beatriz@incwell.eu) 
178 David George  (osobrewco@gmail.com) 
From: Beatriz Diaz (beatriz@incwell.eu) 
179 Oleg (oleg@halych.com) 
From: Daniel Romo (daniel@incwell.eu) 
180 Carlos (carlosvaz@telfor.pt) 
From: Daniel Romo (daniel@incwell.eu) 
181 Robert (roberts@passion-pictures.com) 
From: Beatriz Diaz (beatriz@incwell.eu) 
182 Cristina  (cem@pegasusdivision.com) 
From: Beatriz Diaz (beatriz@incwell.eu) 
183 Constantijn (chc@pegasusdivision.com) 
From: Daniel Romo (daniel@incwell.eu) 
184 Aage (granaas@phenomena.net) 
From: Daniel Romo (daniel@incwell.eu) 
185 Vivian (vivianheddasell@gmail.com) 
From: Beatriz Diaz (beatriz@incwell.eu) 
186 Jose (jpineda@mipulpe.com) 
From: Beatriz Diaz (beatriz@incwell.eu) 
187 Jason (jason@metalfloat.com) 
From: Lorenzo Viu (lorenzo@incwell.eu) 
188 Sandra (office@saladbox.es) 
From: Lorenzo Viu (lorenzo@incwell.eu) 
189 Sandra (sandra.oprescu@saladbox.es) 
From: Lorenzo Viu (lorenzo@incwell.eu) 
190 Yasmine (yasmnehaddouche26@gmail.com) 
From: Daniel Romo (daniel@incwell.eu) 
191 Phil (phil.hockey@gmail.com) 
From: Beatriz Diaz (beatriz@incwell.eu) 
192 Satnam (mantasind@yahoo.com) 
From: Beatriz Diaz (beatriz@incwell.eu) 
193 Michal  (michal@sigmalux.sarl) 
From: Beatriz Diaz (beatriz@incwell.eu) 
194 Stephen (pa@whoiselijah.com) 
From: Lorenzo Viu (lorenzo@incwell.eu) 
195 Fernando (fernando@tigabytes.com) 
From: Lorenzo Viu (lorenzo@incwell.eu) 
196 Abraham (abraham@tigabytes.com) 
From: Daniel Romo (daniel@incwell.eu) 
197 Emmanuel Henri (henri.sadoul@dbmail.com) 
From: Daniel Romo (daniel@incwell.eu) 
198 Ljana (ljana@stinsondesign.com) 
From: Lorenzo Viu (lorenzo@incwell.eu) 
199 Cristian (cristian_schwartz@hotmail.com) 
From: Lorenzo Viu (lorenzo@incwell.eu) 
200 Guillermo  (billhuisman@hotmail.com) 
From: Lorenzo Viu (lorenzo@incwell.eu) 
201 Tommy (willt79@gmail.com) 
From: Lorenzo Viu (lorenzo@incwell.eu) 
202 Roy (roy_crociani@hotmail.com) 
From: Lorenzo Viu (lorenzo@incwell.eu) 
203 William (william.demoulin@yandex.com) 
From: Lorenzo Viu (lorenzo@incwell.eu) 
204 Ilja (techdevelopment@tushmail.com) 
From: Lorenzo Viu (lorenzo@incwell.eu) 
205 Nuno (nagsampaio@gmail.com) 
From: Beatriz Diaz (beatriz@incwell.eu) 
206 Sherill (sasuncion@tillster.com) 
From: Beatriz Diaz (beatriz@incwell.eu) 
207 Rahul (rbahri@tillster.com) 
From: Beatriz Diaz (beatriz@incwell.eu) 
208 Sacha (sacha.sellem.bidji@gmail.com) 
From: Beatriz Diaz (beatriz@incwell.eu) 
209 Stefano (scarboni@gmail.com) 
From: Beatriz Diaz (beatriz@incwell.eu) 
210 Stephen James (pa@whoiselijah.com) 
From: Lorenzo Viu (lorenzo@incwell.eu) 
211 Courtney  (courtney.oconnor@transiris.com) 
From: Lorenzo Viu (lorenzo@incwell.eu) 
212 Dragos (dragos.andrei@transiris.com) 
From: Lorenzo Viu (lorenzo@incwell.eu) 
213 Adriana (adriana.ionas@transiris.com) 
From: Lorenzo Viu (lorenzo@incwell.eu) 
214 Simona (simona@transiris.com) 
From: Daniel Romo (daniel@incwell.eu) 
215 Tatiana Saukio  (tatiana.oliveira@apoioconsultoria.srv.br) 
From: Daniel Romo (daniel@incwell.eu) 
216 Laercio (laercio.ribeiro@trezna.com) 
From: Daniel Romo (daniel@incwell.eu) 
217 Eleonora (eleonora@uniquetravel.it) 
From: Daniel Romo (daniel@incwell.eu) 
218 Rowland (rowland.gear@unispace.com) 
From: Daniel Romo (daniel@incwell.eu) 
219 Nicola (finance.uk@unispace.com) 
From: Lorenzo Viu (lorenzo@incwell.eu) 
220 Hans (hans@mahrenholtz.com) 
From: Daniel Romo (daniel@incwell.eu) 
221 Sam (office@vinalonline.com) 
From: Daniel Romo (daniel@incwell.eu) 
222 Nikolas (Nikolas@prehn.com) 
From: Fabrizio Andreocci (fabrizio@incwell.eu) 
223 Alberto (alberto.denna@gmail.com) 
From: Beatriz Diaz (beatriz@incwell.eu) 
224 Jonah (ellinger.jonah@gmail.com) 
From: Beatriz Diaz (beatriz@incwell.eu) 
225 Henry (info@eastcargobookers.com) 
From: Daniel Romo (daniel@incwell.eu) 
226 Martin (info@tau-unna.de) 
From: Lorenzo Viu (lorenzo@incwell.eu) 
227 Rick (rick.godard@myxml.co.uk) 
From: Lorenzo Viu (lorenzo@incwell.eu) 
228 Henok (henok.agga@myxml.co.uk) 
